[debug] [2021-12-16T15:18:35.343Z] ----------------------------------------------------------------------
[debug] [2021-12-16T15:18:35.348Z] Command:       C:\Program Files\nodejs\node.exe C:\Users\YULY\AppData\Roaming\npm\node_modules\firebase-tools\lib\bin\firebase.js deploy
[debug] [2021-12-16T15:18:35.349Z] CLI Version:   9.23.1
[debug] [2021-12-16T15:18:35.349Z] Platform:      win32
[debug] [2021-12-16T15:18:35.350Z] Node Version:  v16.13.0
[debug] [2021-12-16T15:18:35.351Z] Time:          Thu Dec 16 2021 09:18:35 GMT-0600 (hora estándar central)
[debug] [2021-12-16T15:18:35.351Z] ----------------------------------------------------------------------
[debug] 
[debug] [2021-12-16T15:18:35.510Z] > command requires scopes: ["email","openid","https://www.googleapis.com/auth/cloudplatformprojects.readonly","https://www.googleapis.com/auth/firebase","https://www.googleapis.com/auth/cloud-platform"]
[debug] [2021-12-16T15:18:35.511Z] > authorizing via signed-in user (yuleydiarriagamondragon3108@gmail.com)
[debug] [2021-12-16T15:18:35.511Z] [iam] checking project realidadvirtual-60ce0 for permissions ["firebase.projects.get","firebasehosting.sites.update"]
[debug] [2021-12-16T15:18:35.518Z] >>> HTTP REQUEST POST https://cloudresourcemanager.googleapis.com/v1/projects/realidadvirtual-60ce0:testIamPermissions  
 {"permissions":["firebase.projects.get","firebasehosting.sites.update"]}
[debug] [2021-12-16T15:18:35.559Z] [iam] error while checking permissions, command may fail: FirebaseError: Server Error. getaddrinfo ENOTFOUND cloudresourcemanager.googleapis.com
[debug] [2021-12-16T15:18:35.561Z] > refreshing access token with scopes: []
[debug] [2021-12-16T15:18:35.561Z] >>> HTTP REQUEST POST https://www.googleapis.com/oauth2/v3/token  
 <request body omitted>
[debug] [2021-12-16T15:18:35.569Z] Authentication Error: Your credentials are no longer valid. Please run firebase login --reauth

For CI servers and headless environments, generate a new token with firebase login:ci
[debug] [2021-12-16T15:18:35.578Z] FirebaseError: Authentication Error: Your credentials are no longer valid. Please run firebase login --reauth

For CI servers and headless environments, generate a new token with firebase login:ci
    at invalidCredentialError (C:\Users\YULY\AppData\Roaming\npm\node_modules\firebase-tools\lib\auth.js:141:12)
    at refreshTokens (C:\Users\YULY\AppData\Roaming\npm\node_modules\firebase-tools\lib\auth.js:448:15)
    at processTicksAndRejections (node:internal/process/task_queues:96:5)
    at async Client.getAccessToken (C:\Users\YULY\AppData\Roaming\npm\node_modules\firebase-tools\lib\apiv2.js:146:23)
    at async Client.addAuthHeader (C:\Users\YULY\AppData\Roaming\npm\node_modules\firebase-tools\lib\apiv2.js:137:21)
    at async Client.request (C:\Users\YULY\AppData\Roaming\npm\node_modules\firebase-tools\lib\apiv2.js:93:34)
    at async Object.getFirebaseProject (C:\Users\YULY\AppData\Roaming\npm\node_modules\firebase-tools\lib\management\projects.js:290:21)
    at async Object.getDefaultHostingSite (C:\Users\YULY\AppData\Roaming\npm\node_modules\firebase-tools\lib\getDefaultHostingSite.js:8:21)
    at async requireHostingSite (C:\Users\YULY\AppData\Roaming\npm\node_modules\firebase-tools\lib\requireHostingSite.js:9:18)
    at async Object.fn (C:\Users\YULY\AppData\Roaming\npm\node_modules\firebase-tools\lib\commands\deploy.js:73:9)
    at async C:\Users\YULY\AppData\Roaming\npm\node_modules\firebase-tools\lib\command.js:188:17
[error] 
[error] Error: Failed to get Firebase project realidadvirtual-60ce0. Please make sure the project exists and your account has permission to access it.
